f83029c7-4af6-42bf-895a-8b09cfe37a17	20250623	 12:02:40	 Error request aborted, caused by undefined BadRequestError: request aborted
    at IncomingMessage.onAborted (C:\Users\lucaa\OneDrive\Desktop\user_managment-micro-service\backend\node_modules\raw-body\index.js:245:10)
    at IncomingMessage.emit (node:events:518:28)
    at IncomingMessage._destroy (node:_http_incoming:221:10)
    at _destroy (node:internal/streams/destroy:122:10)
    at IncomingMessage.destroy (node:internal/streams/destroy:84:5)
    at abortIncoming (node:_http_server:809:9)
    at socketOnClose (node:_http_server:803:3)
    at Socket.emit (node:events:530:35)
    at TCP.<anonymous> (node:net:351:12)
e1df9b57-8d51-4db0-97a8-be9e43020059	20250623	 12:02:40	 Error request aborted, caused by undefined BadRequestError: request aborted
    at IncomingMessage.onAborted (C:\Users\lucaa\OneDrive\Desktop\user_managment-micro-service\backend\node_modules\raw-body\index.js:245:10)
    at IncomingMessage.emit (node:events:518:28)
    at IncomingMessage._destroy (node:_http_incoming:221:10)
    at _destroy (node:internal/streams/destroy:122:10)
    at IncomingMessage.destroy (node:internal/streams/destroy:84:5)
    at abortIncoming (node:_http_server:809:9)
    at socketOnClose (node:_http_server:803:3)
    at Socket.emit (node:events:530:35)
    at TCP.<anonymous> (node:net:351:12)
48b13e42-79db-4a5f-b6fd-e14e029e9382	20250623	 12:02:40	 Error request aborted, caused by undefined BadRequestError: request aborted
    at IncomingMessage.onAborted (C:\Users\lucaa\OneDrive\Desktop\user_managment-micro-service\backend\node_modules\raw-body\index.js:245:10)
    at IncomingMessage.emit (node:events:518:28)
    at IncomingMessage._destroy (node:_http_incoming:221:10)
    at _destroy (node:internal/streams/destroy:122:10)
    at IncomingMessage.destroy (node:internal/streams/destroy:84:5)
    at abortIncoming (node:_http_server:809:9)
    at socketOnClose (node:_http_server:803:3)
    at Socket.emit (node:events:530:35)
    at TCP.<anonymous> (node:net:351:12)
0293f92a-18bb-4db7-b901-0220212ce5fd	20250623	 12:02:40	 Error request aborted, caused by undefined BadRequestError: request aborted
    at IncomingMessage.onAborted (C:\Users\lucaa\OneDrive\Desktop\user_managment-micro-service\backend\node_modules\raw-body\index.js:245:10)
    at IncomingMessage.emit (node:events:518:28)
    at IncomingMessage._destroy (node:_http_incoming:221:10)
    at _destroy (node:internal/streams/destroy:122:10)
    at IncomingMessage.destroy (node:internal/streams/destroy:84:5)
    at abortIncoming (node:_http_server:809:9)
    at socketOnClose (node:_http_server:803:3)
    at Socket.emit (node:events:530:35)
    at TCP.<anonymous> (node:net:351:12)
d877347a-0cee-4ded-ac62-528b31256bce	20250623	 12:02:40	 Error request aborted, caused by undefined BadRequestError: request aborted
    at IncomingMessage.onAborted (C:\Users\lucaa\OneDrive\Desktop\user_managment-micro-service\backend\node_modules\raw-body\index.js:245:10)
    at IncomingMessage.emit (node:events:518:28)
    at IncomingMessage._destroy (node:_http_incoming:221:10)
    at _destroy (node:internal/streams/destroy:122:10)
    at IncomingMessage.destroy (node:internal/streams/destroy:84:5)
    at abortIncoming (node:_http_server:809:9)
    at socketOnClose (node:_http_server:803:3)
    at Socket.emit (node:events:530:35)
    at TCP.<anonymous> (node:net:351:12)
df6ff374-3517-46f0-bb62-2c66076fdb78	20250623	 12:02:40	 Error request aborted, caused by undefined BadRequestError: request aborted
    at IncomingMessage.onAborted (C:\Users\lucaa\OneDrive\Desktop\user_managment-micro-service\backend\node_modules\raw-body\index.js:245:10)
    at IncomingMessage.emit (node:events:518:28)
    at IncomingMessage._destroy (node:_http_incoming:221:10)
    at _destroy (node:internal/streams/destroy:122:10)
    at IncomingMessage.destroy (node:internal/streams/destroy:84:5)
    at abortIncoming (node:_http_server:809:9)
    at socketOnClose (node:_http_server:803:3)
    at Socket.emit (node:events:530:35)
    at TCP.<anonymous> (node:net:351:12)
4d5a1171-df15-4fcf-b520-f072c992ed3b	20250623	 12:02:40	 Error request aborted, caused by undefined BadRequestError: request aborted
    at IncomingMessage.onAborted (C:\Users\lucaa\OneDrive\Desktop\user_managment-micro-service\backend\node_modules\raw-body\index.js:245:10)
    at IncomingMessage.emit (node:events:518:28)
    at IncomingMessage._destroy (node:_http_incoming:221:10)
    at _destroy (node:internal/streams/destroy:122:10)
    at IncomingMessage.destroy (node:internal/streams/destroy:84:5)
    at abortIncoming (node:_http_server:809:9)
    at socketOnClose (node:_http_server:803:3)
    at Socket.emit (node:events:530:35)
    at TCP.<anonymous> (node:net:351:12)
fbc6514c-7fc5-44d2-8b69-78674bca70ae	20250623	 12:02:40	 Error request aborted, caused by undefined BadRequestError: request aborted
    at IncomingMessage.onAborted (C:\Users\lucaa\OneDrive\Desktop\user_managment-micro-service\backend\node_modules\raw-body\index.js:245:10)
    at IncomingMessage.emit (node:events:518:28)
    at IncomingMessage._destroy (node:_http_incoming:221:10)
    at _destroy (node:internal/streams/destroy:122:10)
    at IncomingMessage.destroy (node:internal/streams/destroy:84:5)
    at abortIncoming (node:_http_server:809:9)
    at socketOnClose (node:_http_server:803:3)
    at Socket.emit (node:events:530:35)
    at TCP.<anonymous> (node:net:351:12)
be12ce07-378f-4bd8-b3ea-532b00ebf782	20250623	 12:02:40	 Error request aborted, caused by undefined BadRequestError: request aborted
    at IncomingMessage.onAborted (C:\Users\lucaa\OneDrive\Desktop\user_managment-micro-service\backend\node_modules\raw-body\index.js:245:10)
    at IncomingMessage.emit (node:events:518:28)
    at IncomingMessage._destroy (node:_http_incoming:221:10)
    at _destroy (node:internal/streams/destroy:122:10)
    at IncomingMessage.destroy (node:internal/streams/destroy:84:5)
    at abortIncoming (node:_http_server:809:9)
    at socketOnClose (node:_http_server:803:3)
    at Socket.emit (node:events:530:35)
    at TCP.<anonymous> (node:net:351:12)
36825c66-143a-44fc-a703-7bad27661fb0	20250623	 12:02:40	 Error request aborted, caused by undefined BadRequestError: request aborted
    at IncomingMessage.onAborted (C:\Users\lucaa\OneDrive\Desktop\user_managment-micro-service\backend\node_modules\raw-body\index.js:245:10)
    at IncomingMessage.emit (node:events:518:28)
    at IncomingMessage._destroy (node:_http_incoming:221:10)
    at _destroy (node:internal/streams/destroy:122:10)
    at IncomingMessage.destroy (node:internal/streams/destroy:84:5)
    at abortIncoming (node:_http_server:809:9)
    at socketOnClose (node:_http_server:803:3)
    at Socket.emit (node:events:530:35)
    at TCP.<anonymous> (node:net:351:12)
557a0d67-8416-4d77-8fa4-92ea5726c51e	20250623	 12:02:40	 Error request aborted, caused by undefined BadRequestError: request aborted
    at IncomingMessage.onAborted (C:\Users\lucaa\OneDrive\Desktop\user_managment-micro-service\backend\node_modules\raw-body\index.js:245:10)
    at IncomingMessage.emit (node:events:518:28)
    at IncomingMessage._destroy (node:_http_incoming:221:10)
    at _destroy (node:internal/streams/destroy:122:10)
    at IncomingMessage.destroy (node:internal/streams/destroy:84:5)
    at abortIncoming (node:_http_server:809:9)
    at socketOnClose (node:_http_server:803:3)
    at Socket.emit (node:events:530:35)
    at TCP.<anonymous> (node:net:351:12)
3a7152d4-8745-4b58-9974-4ac3750c5ce0	20250623	 12:02:40	 Error request aborted, caused by undefined BadRequestError: request aborted
    at IncomingMessage.onAborted (C:\Users\lucaa\OneDrive\Desktop\user_managment-micro-service\backend\node_modules\raw-body\index.js:245:10)
    at IncomingMessage.emit (node:events:518:28)
    at IncomingMessage._destroy (node:_http_incoming:221:10)
    at _destroy (node:internal/streams/destroy:122:10)
    at IncomingMessage.destroy (node:internal/streams/destroy:84:5)
    at abortIncoming (node:_http_server:809:9)
    at socketOnClose (node:_http_server:803:3)
    at Socket.emit (node:events:530:35)
    at TCP.<anonymous> (node:net:351:12)
390503c7-fdfb-4c32-9538-235a525e7f0d	20250623	 12:07:49	 Error request aborted, caused by undefined BadRequestError: request aborted
    at IncomingMessage.onAborted (C:\Users\lucaa\OneDrive\Desktop\user_managment-micro-service\backend\node_modules\raw-body\index.js:245:10)
    at IncomingMessage.emit (node:events:518:28)
    at IncomingMessage._destroy (node:_http_incoming:221:10)
    at _destroy (node:internal/streams/destroy:122:10)
    at IncomingMessage.destroy (node:internal/streams/destroy:84:5)
    at abortIncoming (node:_http_server:809:9)
    at socketOnClose (node:_http_server:803:3)
    at Socket.emit (node:events:530:35)
    at TCP.<anonymous> (node:net:351:12)
558774ca-3aa2-46b9-a1e9-22d94879d1d1	20250623	 12:07:49	 Error request aborted, caused by undefined BadRequestError: request aborted
    at IncomingMessage.onAborted (C:\Users\lucaa\OneDrive\Desktop\user_managment-micro-service\backend\node_modules\raw-body\index.js:245:10)
    at IncomingMessage.emit (node:events:518:28)
    at IncomingMessage._destroy (node:_http_incoming:221:10)
    at _destroy (node:internal/streams/destroy:122:10)
    at IncomingMessage.destroy (node:internal/streams/destroy:84:5)
    at abortIncoming (node:_http_server:809:9)
    at socketOnClose (node:_http_server:803:3)
    at Socket.emit (node:events:530:35)
    at TCP.<anonymous> (node:net:351:12)
537708b7-88df-443c-9bb2-981c2140a478	20250623	 12:07:49	 Error request aborted, caused by undefined BadRequestError: request aborted
    at IncomingMessage.onAborted (C:\Users\lucaa\OneDrive\Desktop\user_managment-micro-service\backend\node_modules\raw-body\index.js:245:10)
    at IncomingMessage.emit (node:events:518:28)
    at IncomingMessage._destroy (node:_http_incoming:221:10)
    at _destroy (node:internal/streams/destroy:122:10)
    at IncomingMessage.destroy (node:internal/streams/destroy:84:5)
    at abortIncoming (node:_http_server:809:9)
    at socketOnClose (node:_http_server:803:3)
    at Socket.emit (node:events:530:35)
    at TCP.<anonymous> (node:net:351:12)
4a13023d-866b-4be4-8797-845ba2fa00c0	20250623	 12:07:49	 Error request aborted, caused by undefined BadRequestError: request aborted
    at IncomingMessage.onAborted (C:\Users\lucaa\OneDrive\Desktop\user_managment-micro-service\backend\node_modules\raw-body\index.js:245:10)
    at IncomingMessage.emit (node:events:518:28)
    at IncomingMessage._destroy (node:_http_incoming:221:10)
    at _destroy (node:internal/streams/destroy:122:10)
    at IncomingMessage.destroy (node:internal/streams/destroy:84:5)
    at abortIncoming (node:_http_server:809:9)
    at socketOnClose (node:_http_server:803:3)
    at Socket.emit (node:events:530:35)
    at TCP.<anonymous> (node:net:351:12)
38299b53-5c49-44a6-a7b3-ef5963d66090	20250623	 12:07:49	 Error request aborted, caused by undefined BadRequestError: request aborted
    at IncomingMessage.onAborted (C:\Users\lucaa\OneDrive\Desktop\user_managment-micro-service\backend\node_modules\raw-body\index.js:245:10)
    at IncomingMessage.emit (node:events:518:28)
    at IncomingMessage._destroy (node:_http_incoming:221:10)
    at _destroy (node:internal/streams/destroy:122:10)
    at IncomingMessage.destroy (node:internal/streams/destroy:84:5)
    at abortIncoming (node:_http_server:809:9)
    at socketOnClose (node:_http_server:803:3)
    at Socket.emit (node:events:530:35)
    at TCP.<anonymous> (node:net:351:12)
61e18a87-c37d-4728-9f79-b0f28fa324a9	20250623	 12:07:49	 Error request aborted, caused by undefined BadRequestError: request aborted
    at IncomingMessage.onAborted (C:\Users\lucaa\OneDrive\Desktop\user_managment-micro-service\backend\node_modules\raw-body\index.js:245:10)
    at IncomingMessage.emit (node:events:518:28)
    at IncomingMessage._destroy (node:_http_incoming:221:10)
    at _destroy (node:internal/streams/destroy:122:10)
    at IncomingMessage.destroy (node:internal/streams/destroy:84:5)
    at abortIncoming (node:_http_server:809:9)
    at socketOnClose (node:_http_server:803:3)
    at Socket.emit (node:events:530:35)
    at TCP.<anonymous> (node:net:351:12)
fde9e07c-578e-4e07-960a-799340421964	20250623	 12:07:49	 Error request aborted, caused by undefined BadRequestError: request aborted
    at IncomingMessage.onAborted (C:\Users\lucaa\OneDrive\Desktop\user_managment-micro-service\backend\node_modules\raw-body\index.js:245:10)
    at IncomingMessage.emit (node:events:518:28)
    at IncomingMessage._destroy (node:_http_incoming:221:10)
    at _destroy (node:internal/streams/destroy:122:10)
    at IncomingMessage.destroy (node:internal/streams/destroy:84:5)
    at abortIncoming (node:_http_server:809:9)
    at socketOnClose (node:_http_server:803:3)
    at Socket.emit (node:events:530:35)
    at TCP.<anonymous> (node:net:351:12)
497a65f8-1858-41a1-b2f1-744fc5d5787d	20250623	 12:08:19	 Error request aborted, caused by undefined BadRequestError: request aborted
    at IncomingMessage.onAborted (C:\Users\lucaa\OneDrive\Desktop\user_managment-micro-service\backend\node_modules\raw-body\index.js:245:10)
    at IncomingMessage.emit (node:events:518:28)
    at IncomingMessage._destroy (node:_http_incoming:221:10)
    at _destroy (node:internal/streams/destroy:122:10)
    at IncomingMessage.destroy (node:internal/streams/destroy:84:5)
    at abortIncoming (node:_http_server:809:9)
    at socketOnClose (node:_http_server:803:3)
    at Socket.emit (node:events:530:35)
    at TCP.<anonymous> (node:net:351:12)
4f4193e2-e28d-488b-8815-56ee87f55c14	20250623	 12:08:19	 Error request aborted, caused by undefined BadRequestError: request aborted
    at IncomingMessage.onAborted (C:\Users\lucaa\OneDrive\Desktop\user_managment-micro-service\backend\node_modules\raw-body\index.js:245:10)
    at IncomingMessage.emit (node:events:518:28)
    at IncomingMessage._destroy (node:_http_incoming:221:10)
    at _destroy (node:internal/streams/destroy:122:10)
    at IncomingMessage.destroy (node:internal/streams/destroy:84:5)
    at abortIncoming (node:_http_server:809:9)
    at socketOnClose (node:_http_server:803:3)
    at Socket.emit (node:events:530:35)
    at TCP.<anonymous> (node:net:351:12)
b0d21cf5-b7fd-485c-aedf-9e1b336b43d9	20250623	 12:08:19	 Error request aborted, caused by undefined BadRequestError: request aborted
    at IncomingMessage.onAborted (C:\Users\lucaa\OneDrive\Desktop\user_managment-micro-service\backend\node_modules\raw-body\index.js:245:10)
    at IncomingMessage.emit (node:events:518:28)
    at IncomingMessage._destroy (node:_http_incoming:221:10)
    at _destroy (node:internal/streams/destroy:122:10)
    at IncomingMessage.destroy (node:internal/streams/destroy:84:5)
    at abortIncoming (node:_http_server:809:9)
    at socketOnClose (node:_http_server:803:3)
    at Socket.emit (node:events:530:35)
    at TCP.<anonymous> (node:net:351:12)
b4828c49-c7a5-44f2-9d3e-3152866fd16a	20250623	 12:08:19	 Error request aborted, caused by undefined BadRequestError: request aborted
    at IncomingMessage.onAborted (C:\Users\lucaa\OneDrive\Desktop\user_managment-micro-service\backend\node_modules\raw-body\index.js:245:10)
    at IncomingMessage.emit (node:events:518:28)
    at IncomingMessage._destroy (node:_http_incoming:221:10)
    at _destroy (node:internal/streams/destroy:122:10)
    at IncomingMessage.destroy (node:internal/streams/destroy:84:5)
    at abortIncoming (node:_http_server:809:9)
    at socketOnClose (node:_http_server:803:3)
    at Socket.emit (node:events:530:35)
    at TCP.<anonymous> (node:net:351:12)
114c66c7-70ca-4d04-a347-875fdbba4f88	20250623	 12:11:32	 Error request aborted, caused by undefined BadRequestError: request aborted
    at IncomingMessage.onAborted (C:\Users\lucaa\OneDrive\Desktop\user_managment-micro-service\backend\node_modules\raw-body\index.js:245:10)
    at IncomingMessage.emit (node:events:518:28)
    at IncomingMessage._destroy (node:_http_incoming:221:10)
    at _destroy (node:internal/streams/destroy:122:10)
    at IncomingMessage.destroy (node:internal/streams/destroy:84:5)
    at abortIncoming (node:_http_server:809:9)
    at socketOnClose (node:_http_server:803:3)
    at Socket.emit (node:events:530:35)
    at TCP.<anonymous> (node:net:351:12)
d09a072f-1508-4887-bfd8-b501bfec7a92	20250623	 12:11:32	 Error request aborted, caused by undefined BadRequestError: request aborted
    at IncomingMessage.onAborted (C:\Users\lucaa\OneDrive\Desktop\user_managment-micro-service\backend\node_modules\raw-body\index.js:245:10)
    at IncomingMessage.emit (node:events:518:28)
    at IncomingMessage._destroy (node:_http_incoming:221:10)
    at _destroy (node:internal/streams/destroy:122:10)
    at IncomingMessage.destroy (node:internal/streams/destroy:84:5)
    at abortIncoming (node:_http_server:809:9)
    at socketOnClose (node:_http_server:803:3)
    at Socket.emit (node:events:530:35)
    at TCP.<anonymous> (node:net:351:12)
0b797074-aec6-4774-b11e-3bd19c6a61fa	20250623	 12:11:32	 Error request aborted, caused by undefined BadRequestError: request aborted
    at IncomingMessage.onAborted (C:\Users\lucaa\OneDrive\Desktop\user_managment-micro-service\backend\node_modules\raw-body\index.js:245:10)
    at IncomingMessage.emit (node:events:518:28)
    at IncomingMessage._destroy (node:_http_incoming:221:10)
    at _destroy (node:internal/streams/destroy:122:10)
    at IncomingMessage.destroy (node:internal/streams/destroy:84:5)
    at abortIncoming (node:_http_server:809:9)
    at socketOnClose (node:_http_server:803:3)
    at Socket.emit (node:events:530:35)
    at TCP.<anonymous> (node:net:351:12)
d08e9fcd-cb35-4182-86f9-5137a00522eb	20250623	 12:11:32	 Error request aborted, caused by undefined BadRequestError: request aborted
    at IncomingMessage.onAborted (C:\Users\lucaa\OneDrive\Desktop\user_managment-micro-service\backend\node_modules\raw-body\index.js:245:10)
    at IncomingMessage.emit (node:events:518:28)
    at IncomingMessage._destroy (node:_http_incoming:221:10)
    at _destroy (node:internal/streams/destroy:122:10)
    at IncomingMessage.destroy (node:internal/streams/destroy:84:5)
    at abortIncoming (node:_http_server:809:9)
    at socketOnClose (node:_http_server:803:3)
    at Socket.emit (node:events:530:35)
    at TCP.<anonymous> (node:net:351:12)
f688a4be-83c9-4984-9ab8-290f1ad9d488	20250623	 12:11:32	 Error request aborted, caused by undefined BadRequestError: request aborted
    at IncomingMessage.onAborted (C:\Users\lucaa\OneDrive\Desktop\user_managment-micro-service\backend\node_modules\raw-body\index.js:245:10)
    at IncomingMessage.emit (node:events:518:28)
    at IncomingMessage._destroy (node:_http_incoming:221:10)
    at _destroy (node:internal/streams/destroy:122:10)
    at IncomingMessage.destroy (node:internal/streams/destroy:84:5)
    at abortIncoming (node:_http_server:809:9)
    at socketOnClose (node:_http_server:803:3)
    at Socket.emit (node:events:530:35)
    at TCP.<anonymous> (node:net:351:12)
ab49d9c7-5544-4a6b-91ed-30e634b10e21	20250623	 12:11:32	 Error request aborted, caused by undefined BadRequestError: request aborted
    at IncomingMessage.onAborted (C:\Users\lucaa\OneDrive\Desktop\user_managment-micro-service\backend\node_modules\raw-body\index.js:245:10)
    at IncomingMessage.emit (node:events:518:28)
    at IncomingMessage._destroy (node:_http_incoming:221:10)
    at _destroy (node:internal/streams/destroy:122:10)
    at IncomingMessage.destroy (node:internal/streams/destroy:84:5)
    at abortIncoming (node:_http_server:809:9)
    at socketOnClose (node:_http_server:803:3)
    at Socket.emit (node:events:530:35)
    at TCP.<anonymous> (node:net:351:12)
0cd1761b-459c-4b58-8a3d-4c91d89b7a4e	20250623	 12:27:08	 Error request aborted, caused by undefined BadRequestError: request aborted
    at IncomingMessage.onAborted (C:\Users\lucaa\OneDrive\Desktop\user_managment-micro-service\backend\node_modules\raw-body\index.js:245:10)
    at IncomingMessage.emit (node:events:518:28)
    at IncomingMessage._destroy (node:_http_incoming:221:10)
    at _destroy (node:internal/streams/destroy:122:10)
    at IncomingMessage.destroy (node:internal/streams/destroy:84:5)
    at abortIncoming (node:_http_server:809:9)
    at socketOnClose (node:_http_server:803:3)
    at Socket.emit (node:events:530:35)
    at TCP.<anonymous> (node:net:351:12)
ceeadf36-d21d-40ec-9614-b5453fcbe589	20250623	 12:27:08	 Error request aborted, caused by undefined BadRequestError: request aborted
    at IncomingMessage.onAborted (C:\Users\lucaa\OneDrive\Desktop\user_managment-micro-service\backend\node_modules\raw-body\index.js:245:10)
    at IncomingMessage.emit (node:events:518:28)
    at IncomingMessage._destroy (node:_http_incoming:221:10)
    at _destroy (node:internal/streams/destroy:122:10)
    at IncomingMessage.destroy (node:internal/streams/destroy:84:5)
    at abortIncoming (node:_http_server:809:9)
    at socketOnClose (node:_http_server:803:3)
    at Socket.emit (node:events:530:35)
    at TCP.<anonymous> (node:net:351:12)
c06ba54f-adeb-4e8b-a8e7-781724c8d446	20250623	 12:27:08	 Error request aborted, caused by undefined BadRequestError: request aborted
    at IncomingMessage.onAborted (C:\Users\lucaa\OneDrive\Desktop\user_managment-micro-service\backend\node_modules\raw-body\index.js:245:10)
    at IncomingMessage.emit (node:events:518:28)
    at IncomingMessage._destroy (node:_http_incoming:221:10)
    at _destroy (node:internal/streams/destroy:122:10)
    at IncomingMessage.destroy (node:internal/streams/destroy:84:5)
    at abortIncoming (node:_http_server:809:9)
    at socketOnClose (node:_http_server:803:3)
    at Socket.emit (node:events:530:35)
    at TCP.<anonymous> (node:net:351:12)
f0adb4e0-2abb-448d-a48c-fec3ff207b1c	20250623	 12:29:28	 Error request aborted, caused by undefined BadRequestError: request aborted
    at IncomingMessage.onAborted (C:\Users\lucaa\OneDrive\Desktop\user_managment-micro-service\backend\node_modules\raw-body\index.js:245:10)
    at IncomingMessage.emit (node:events:518:28)
    at IncomingMessage._destroy (node:_http_incoming:221:10)
    at _destroy (node:internal/streams/destroy:122:10)
    at IncomingMessage.destroy (node:internal/streams/destroy:84:5)
    at abortIncoming (node:_http_server:809:9)
    at socketOnClose (node:_http_server:803:3)
    at Socket.emit (node:events:530:35)
    at TCP.<anonymous> (node:net:351:12)
fb5e736b-24c6-4ae5-99ed-e62ac015ebff	20250623	 12:29:28	 Error request aborted, caused by undefined BadRequestError: request aborted
    at IncomingMessage.onAborted (C:\Users\lucaa\OneDrive\Desktop\user_managment-micro-service\backend\node_modules\raw-body\index.js:245:10)
    at IncomingMessage.emit (node:events:518:28)
    at IncomingMessage._destroy (node:_http_incoming:221:10)
    at _destroy (node:internal/streams/destroy:122:10)
    at IncomingMessage.destroy (node:internal/streams/destroy:84:5)
    at abortIncoming (node:_http_server:809:9)
    at socketOnClose (node:_http_server:803:3)
    at Socket.emit (node:events:530:35)
    at TCP.<anonymous> (node:net:351:12)
b7b26966-9806-41cc-aba8-e56dc1010f1b	20250623	 13:32:03	 Error request aborted, caused by undefined BadRequestError: request aborted
    at IncomingMessage.onAborted (C:\Users\lucaa\OneDrive\Desktop\user_managment-micro-service\backend\node_modules\raw-body\index.js:245:10)
    at IncomingMessage.emit (node:events:518:28)
    at IncomingMessage._destroy (node:_http_incoming:221:10)
    at _destroy (node:internal/streams/destroy:122:10)
    at IncomingMessage.destroy (node:internal/streams/destroy:84:5)
    at abortIncoming (node:_http_server:809:9)
    at socketOnClose (node:_http_server:803:3)
    at Socket.emit (node:events:530:35)
    at TCP.<anonymous> (node:net:351:12)
dd2b7da0-c411-4ec2-a46b-79cd1383af50	20250623	 13:32:03	 Error request aborted, caused by undefined BadRequestError: request aborted
    at IncomingMessage.onAborted (C:\Users\lucaa\OneDrive\Desktop\user_managment-micro-service\backend\node_modules\raw-body\index.js:245:10)
    at IncomingMessage.emit (node:events:518:28)
    at IncomingMessage._destroy (node:_http_incoming:221:10)
    at _destroy (node:internal/streams/destroy:122:10)
    at IncomingMessage.destroy (node:internal/streams/destroy:84:5)
    at abortIncoming (node:_http_server:809:9)
    at socketOnClose (node:_http_server:803:3)
    at Socket.emit (node:events:530:35)
    at TCP.<anonymous> (node:net:351:12)
a4326543-41bf-4869-b372-e5e282683ff2	20250623	 13:32:03	 Error request aborted, caused by undefined BadRequestError: request aborted
    at IncomingMessage.onAborted (C:\Users\lucaa\OneDrive\Desktop\user_managment-micro-service\backend\node_modules\raw-body\index.js:245:10)
    at IncomingMessage.emit (node:events:518:28)
    at IncomingMessage._destroy (node:_http_incoming:221:10)
    at _destroy (node:internal/streams/destroy:122:10)
    at IncomingMessage.destroy (node:internal/streams/destroy:84:5)
    at abortIncoming (node:_http_server:809:9)
    at socketOnClose (node:_http_server:803:3)
    at Socket.emit (node:events:530:35)
    at TCP.<anonymous> (node:net:351:12)
0ecd8dfe-c841-4941-93a1-23d98f167d8b	20250623	 13:32:03	 Error request aborted, caused by undefined BadRequestError: request aborted
    at IncomingMessage.onAborted (C:\Users\lucaa\OneDrive\Desktop\user_managment-micro-service\backend\node_modules\raw-body\index.js:245:10)
    at IncomingMessage.emit (node:events:518:28)
    at IncomingMessage._destroy (node:_http_incoming:221:10)
    at _destroy (node:internal/streams/destroy:122:10)
    at IncomingMessage.destroy (node:internal/streams/destroy:84:5)
    at abortIncoming (node:_http_server:809:9)
    at socketOnClose (node:_http_server:803:3)
    at Socket.emit (node:events:530:35)
    at TCP.<anonymous> (node:net:351:12)
f9264c6b-6684-4c11-b76b-2b1fe06702a9	20250623	 13:32:03	 Error request aborted, caused by undefined BadRequestError: request aborted
    at IncomingMessage.onAborted (C:\Users\lucaa\OneDrive\Desktop\user_managment-micro-service\backend\node_modules\raw-body\index.js:245:10)
    at IncomingMessage.emit (node:events:518:28)
    at IncomingMessage._destroy (node:_http_incoming:221:10)
    at _destroy (node:internal/streams/destroy:122:10)
    at IncomingMessage.destroy (node:internal/streams/destroy:84:5)
    at abortIncoming (node:_http_server:809:9)
    at socketOnClose (node:_http_server:803:3)
    at Socket.emit (node:events:530:35)
    at TCP.<anonymous> (node:net:351:12)
e1890885-91ed-4144-924b-27f1feaf656f	20250623	 13:32:03	 Error request aborted, caused by undefined BadRequestError: request aborted
    at IncomingMessage.onAborted (C:\Users\lucaa\OneDrive\Desktop\user_managment-micro-service\backend\node_modules\raw-body\index.js:245:10)
    at IncomingMessage.emit (node:events:518:28)
    at IncomingMessage._destroy (node:_http_incoming:221:10)
    at _destroy (node:internal/streams/destroy:122:10)
    at IncomingMessage.destroy (node:internal/streams/destroy:84:5)
    at abortIncoming (node:_http_server:809:9)
    at socketOnClose (node:_http_server:803:3)
    at Socket.emit (node:events:530:35)
    at TCP.<anonymous> (node:net:351:12)
3d3fe38e-feab-45c0-bfbc-1db8a089fb6f	20250623	 13:32:35	 Error request aborted, caused by undefined BadRequestError: request aborted
    at IncomingMessage.onAborted (C:\Users\lucaa\OneDrive\Desktop\user_managment-micro-service\backend\node_modules\raw-body\index.js:245:10)
    at IncomingMessage.emit (node:events:518:28)
    at IncomingMessage._destroy (node:_http_incoming:221:10)
    at _destroy (node:internal/streams/destroy:122:10)
    at IncomingMessage.destroy (node:internal/streams/destroy:84:5)
    at abortIncoming (node:_http_server:809:9)
    at socketOnClose (node:_http_server:803:3)
    at Socket.emit (node:events:530:35)
    at TCP.<anonymous> (node:net:351:12)
6cb28f0c-3676-4ced-b76e-0899952865cd	20250623	 13:32:35	 Error request aborted, caused by undefined BadRequestError: request aborted
    at IncomingMessage.onAborted (C:\Users\lucaa\OneDrive\Desktop\user_managment-micro-service\backend\node_modules\raw-body\index.js:245:10)
    at IncomingMessage.emit (node:events:518:28)
    at IncomingMessage._destroy (node:_http_incoming:221:10)
    at _destroy (node:internal/streams/destroy:122:10)
    at IncomingMessage.destroy (node:internal/streams/destroy:84:5)
    at abortIncoming (node:_http_server:809:9)
    at socketOnClose (node:_http_server:803:3)
    at Socket.emit (node:events:530:35)
    at TCP.<anonymous> (node:net:351:12)
a7ce9f58-71c5-4728-b111-9c00f94d401b	20250623	 13:33:22	 Error request aborted, caused by undefined BadRequestError: request aborted
    at IncomingMessage.onAborted (C:\Users\lucaa\OneDrive\Desktop\user_managment-micro-service\backend\node_modules\raw-body\index.js:245:10)
    at IncomingMessage.emit (node:events:518:28)
    at IncomingMessage._destroy (node:_http_incoming:221:10)
    at _destroy (node:internal/streams/destroy:122:10)
    at IncomingMessage.destroy (node:internal/streams/destroy:84:5)
    at abortIncoming (node:_http_server:809:9)
    at socketOnClose (node:_http_server:803:3)
    at Socket.emit (node:events:530:35)
    at TCP.<anonymous> (node:net:351:12)
28256489-4b63-4a5d-a9a2-ffac96a996fe	20250623	 13:34:34	 Error request aborted, caused by undefined BadRequestError: request aborted
    at IncomingMessage.onAborted (C:\Users\lucaa\OneDrive\Desktop\user_managment-micro-service\backend\node_modules\raw-body\index.js:245:10)
    at IncomingMessage.emit (node:events:518:28)
    at IncomingMessage._destroy (node:_http_incoming:221:10)
    at _destroy (node:internal/streams/destroy:122:10)
    at IncomingMessage.destroy (node:internal/streams/destroy:84:5)
    at abortIncoming (node:_http_server:809:9)
    at socketOnClose (node:_http_server:803:3)
    at Socket.emit (node:events:530:35)
    at TCP.<anonymous> (node:net:351:12)
69db4cb7-0dcd-437d-bf5d-91a18a9892a4	20250623	 13:34:34	 Error request aborted, caused by undefined BadRequestError: request aborted
    at IncomingMessage.onAborted (C:\Users\lucaa\OneDrive\Desktop\user_managment-micro-service\backend\node_modules\raw-body\index.js:245:10)
    at IncomingMessage.emit (node:events:518:28)
    at IncomingMessage._destroy (node:_http_incoming:221:10)
    at _destroy (node:internal/streams/destroy:122:10)
    at IncomingMessage.destroy (node:internal/streams/destroy:84:5)
    at abortIncoming (node:_http_server:809:9)
    at socketOnClose (node:_http_server:803:3)
    at Socket.emit (node:events:530:35)
    at TCP.<anonymous> (node:net:351:12)
792d9ccf-a377-4142-8922-7e83619fc946	20250623	 13:38:01	 Error request aborted, caused by undefined BadRequestError: request aborted
    at IncomingMessage.onAborted (C:\Users\lucaa\OneDrive\Desktop\user_managment-micro-service\backend\node_modules\raw-body\index.js:245:10)
    at IncomingMessage.emit (node:events:518:28)
    at IncomingMessage._destroy (node:_http_incoming:221:10)
    at _destroy (node:internal/streams/destroy:122:10)
    at IncomingMessage.destroy (node:internal/streams/destroy:84:5)
    at abortIncoming (node:_http_server:809:9)
    at socketOnClose (node:_http_server:803:3)
    at Socket.emit (node:events:530:35)
    at TCP.<anonymous> (node:net:351:12)
60f6d990-d8eb-4c29-a6e4-1a6f309ed4a3	20250623	 13:38:01	 Error request aborted, caused by undefined BadRequestError: request aborted
    at IncomingMessage.onAborted (C:\Users\lucaa\OneDrive\Desktop\user_managment-micro-service\backend\node_modules\raw-body\index.js:245:10)
    at IncomingMessage.emit (node:events:518:28)
    at IncomingMessage._destroy (node:_http_incoming:221:10)
    at _destroy (node:internal/streams/destroy:122:10)
    at IncomingMessage.destroy (node:internal/streams/destroy:84:5)
    at abortIncoming (node:_http_server:809:9)
    at socketOnClose (node:_http_server:803:3)
    at Socket.emit (node:events:530:35)
    at TCP.<anonymous> (node:net:351:12)
c66e7016-2af2-406a-90ec-512ad9ce4c04	20250623	 13:39:24	 Error request aborted, caused by undefined BadRequestError: request aborted
    at IncomingMessage.onAborted (C:\Users\lucaa\OneDrive\Desktop\user_managment-micro-service\backend\node_modules\raw-body\index.js:245:10)
    at IncomingMessage.emit (node:events:518:28)
    at IncomingMessage._destroy (node:_http_incoming:221:10)
    at _destroy (node:internal/streams/destroy:122:10)
    at IncomingMessage.destroy (node:internal/streams/destroy:84:5)
    at abortIncoming (node:_http_server:809:9)
    at socketOnClose (node:_http_server:803:3)
    at Socket.emit (node:events:530:35)
    at TCP.<anonymous> (node:net:351:12)
75ab3a9b-f814-4af3-8114-d230f73f7483	20250623	 13:39:24	 Error request aborted, caused by undefined BadRequestError: request aborted
    at IncomingMessage.onAborted (C:\Users\lucaa\OneDrive\Desktop\user_managment-micro-service\backend\node_modules\raw-body\index.js:245:10)
    at IncomingMessage.emit (node:events:518:28)
    at IncomingMessage._destroy (node:_http_incoming:221:10)
    at _destroy (node:internal/streams/destroy:122:10)
    at IncomingMessage.destroy (node:internal/streams/destroy:84:5)
    at abortIncoming (node:_http_server:809:9)
    at socketOnClose (node:_http_server:803:3)
    at Socket.emit (node:events:530:35)
    at TCP.<anonymous> (node:net:351:12)
f9b85de3-5a8d-40bc-ab51-1057a161b6fd	20250623	 13:39:24	 Error request aborted, caused by undefined BadRequestError: request aborted
    at IncomingMessage.onAborted (C:\Users\lucaa\OneDrive\Desktop\user_managment-micro-service\backend\node_modules\raw-body\index.js:245:10)
    at IncomingMessage.emit (node:events:518:28)
    at IncomingMessage._destroy (node:_http_incoming:221:10)
    at _destroy (node:internal/streams/destroy:122:10)
    at IncomingMessage.destroy (node:internal/streams/destroy:84:5)
    at abortIncoming (node:_http_server:809:9)
    at socketOnClose (node:_http_server:803:3)
    at Socket.emit (node:events:530:35)
    at TCP.<anonymous> (node:net:351:12)
49f8e492-7491-42a5-abf9-3c6cb7e3bc7e	20250623	 13:39:24	 Error request aborted, caused by undefined BadRequestError: request aborted
    at IncomingMessage.onAborted (C:\Users\lucaa\OneDrive\Desktop\user_managment-micro-service\backend\node_modules\raw-body\index.js:245:10)
    at IncomingMessage.emit (node:events:518:28)
    at IncomingMessage._destroy (node:_http_incoming:221:10)
    at _destroy (node:internal/streams/destroy:122:10)
    at IncomingMessage.destroy (node:internal/streams/destroy:84:5)
    at abortIncoming (node:_http_server:809:9)
    at socketOnClose (node:_http_server:803:3)
    at Socket.emit (node:events:530:35)
    at TCP.<anonymous> (node:net:351:12)
d40dcc8a-a02f-4ef7-b671-7e05c9f59083	20250623	 13:39:24	 Error request aborted, caused by undefined BadRequestError: request aborted
    at IncomingMessage.onAborted (C:\Users\lucaa\OneDrive\Desktop\user_managment-micro-service\backend\node_modules\raw-body\index.js:245:10)
    at IncomingMessage.emit (node:events:518:28)
    at IncomingMessage._destroy (node:_http_incoming:221:10)
    at _destroy (node:internal/streams/destroy:122:10)
    at IncomingMessage.destroy (node:internal/streams/destroy:84:5)
    at abortIncoming (node:_http_server:809:9)
    at socketOnClose (node:_http_server:803:3)
    at Socket.emit (node:events:530:35)
    at TCP.<anonymous> (node:net:351:12)
7356b1ba-b841-48a8-97ff-8203c85e13cc	20250623	 13:39:24	 Error request aborted, caused by undefined BadRequestError: request aborted
    at IncomingMessage.onAborted (C:\Users\lucaa\OneDrive\Desktop\user_managment-micro-service\backend\node_modules\raw-body\index.js:245:10)
    at IncomingMessage.emit (node:events:518:28)
    at IncomingMessage._destroy (node:_http_incoming:221:10)
    at _destroy (node:internal/streams/destroy:122:10)
    at IncomingMessage.destroy (node:internal/streams/destroy:84:5)
    at abortIncoming (node:_http_server:809:9)
    at socketOnClose (node:_http_server:803:3)
    at Socket.emit (node:events:530:35)
    at TCP.<anonymous> (node:net:351:12)
52a0580b-b981-4544-aad9-a7f620a92f13	20250623	 13:43:50	 Error request aborted, caused by undefined BadRequestError: request aborted
    at IncomingMessage.onAborted (C:\Users\lucaa\OneDrive\Desktop\user_managment-micro-service\backend\node_modules\raw-body\index.js:245:10)
    at IncomingMessage.emit (node:events:518:28)
    at IncomingMessage._destroy (node:_http_incoming:221:10)
    at _destroy (node:internal/streams/destroy:122:10)
    at IncomingMessage.destroy (node:internal/streams/destroy:84:5)
    at abortIncoming (node:_http_server:809:9)
    at socketOnClose (node:_http_server:803:3)
    at Socket.emit (node:events:530:35)
    at TCP.<anonymous> (node:net:351:12)
e9c45981-b273-4520-bd91-b4666c65a705	20250623	 13:43:50	 Error request aborted, caused by undefined BadRequestError: request aborted
    at IncomingMessage.onAborted (C:\Users\lucaa\OneDrive\Desktop\user_managment-micro-service\backend\node_modules\raw-body\index.js:245:10)
    at IncomingMessage.emit (node:events:518:28)
    at IncomingMessage._destroy (node:_http_incoming:221:10)
    at _destroy (node:internal/streams/destroy:122:10)
    at IncomingMessage.destroy (node:internal/streams/destroy:84:5)
    at abortIncoming (node:_http_server:809:9)
    at socketOnClose (node:_http_server:803:3)
    at Socket.emit (node:events:530:35)
    at TCP.<anonymous> (node:net:351:12)
a3613cbc-fe6f-4076-99fd-fc6573249b3a	20250623	 13:43:50	 Error request aborted, caused by undefined BadRequestError: request aborted
    at IncomingMessage.onAborted (C:\Users\lucaa\OneDrive\Desktop\user_managment-micro-service\backend\node_modules\raw-body\index.js:245:10)
    at IncomingMessage.emit (node:events:518:28)
    at IncomingMessage._destroy (node:_http_incoming:221:10)
    at _destroy (node:internal/streams/destroy:122:10)
    at IncomingMessage.destroy (node:internal/streams/destroy:84:5)
    at abortIncoming (node:_http_server:809:9)
    at socketOnClose (node:_http_server:803:3)
    at Socket.emit (node:events:530:35)
    at TCP.<anonymous> (node:net:351:12)
3f3291e6-9da3-4ad9-afee-ede7787e7625	20250623	 13:43:50	 Error request aborted, caused by undefined BadRequestError: request aborted
    at IncomingMessage.onAborted (C:\Users\lucaa\OneDrive\Desktop\user_managment-micro-service\backend\node_modules\raw-body\index.js:245:10)
    at IncomingMessage.emit (node:events:518:28)
    at IncomingMessage._destroy (node:_http_incoming:221:10)
    at _destroy (node:internal/streams/destroy:122:10)
    at IncomingMessage.destroy (node:internal/streams/destroy:84:5)
    at abortIncoming (node:_http_server:809:9)
    at socketOnClose (node:_http_server:803:3)
    at Socket.emit (node:events:530:35)
    at TCP.<anonymous> (node:net:351:12)
ed4a3fe7-7958-4a90-a68e-f2df30153291	20250623	 13:55:48	 Error request aborted, caused by undefined BadRequestError: request aborted
    at IncomingMessage.onAborted (C:\Users\lucaa\OneDrive\Desktop\user_managment-micro-service\backend\node_modules\raw-body\index.js:245:10)
    at IncomingMessage.emit (node:events:518:28)
    at IncomingMessage._destroy (node:_http_incoming:221:10)
    at _destroy (node:internal/streams/destroy:122:10)
    at IncomingMessage.destroy (node:internal/streams/destroy:84:5)
    at abortIncoming (node:_http_server:809:9)
    at socketOnClose (node:_http_server:803:3)
    at Socket.emit (node:events:530:35)
    at TCP.<anonymous> (node:net:351:12)
eb7e802b-4038-4d93-a2a8-85a1c26e5370	20250623	 13:55:48	 Error request aborted, caused by undefined BadRequestError: request aborted
    at IncomingMessage.onAborted (C:\Users\lucaa\OneDrive\Desktop\user_managment-micro-service\backend\node_modules\raw-body\index.js:245:10)
    at IncomingMessage.emit (node:events:518:28)
    at IncomingMessage._destroy (node:_http_incoming:221:10)
    at _destroy (node:internal/streams/destroy:122:10)
    at IncomingMessage.destroy (node:internal/streams/destroy:84:5)
    at abortIncoming (node:_http_server:809:9)
    at socketOnClose (node:_http_server:803:3)
    at Socket.emit (node:events:530:35)
    at TCP.<anonymous> (node:net:351:12)
1d579a03-ca9e-48ea-870d-1076bb9bd251	20250623	 13:55:48	 Error request aborted, caused by undefined BadRequestError: request aborted
    at IncomingMessage.onAborted (C:\Users\lucaa\OneDrive\Desktop\user_managment-micro-service\backend\node_modules\raw-body\index.js:245:10)
    at IncomingMessage.emit (node:events:518:28)
    at IncomingMessage._destroy (node:_http_incoming:221:10)
    at _destroy (node:internal/streams/destroy:122:10)
    at IncomingMessage.destroy (node:internal/streams/destroy:84:5)
    at abortIncoming (node:_http_server:809:9)
    at socketOnClose (node:_http_server:803:3)
    at Socket.emit (node:events:530:35)
    at TCP.<anonymous> (node:net:351:12)
3b171827-5c5e-4b4c-80d8-479ded6db834	20250623	 13:55:48	 Error request aborted, caused by undefined BadRequestError: request aborted
    at IncomingMessage.onAborted (C:\Users\lucaa\OneDrive\Desktop\user_managment-micro-service\backend\node_modules\raw-body\index.js:245:10)
    at IncomingMessage.emit (node:events:518:28)
    at IncomingMessage._destroy (node:_http_incoming:221:10)
    at _destroy (node:internal/streams/destroy:122:10)
    at IncomingMessage.destroy (node:internal/streams/destroy:84:5)
    at abortIncoming (node:_http_server:809:9)
    at socketOnClose (node:_http_server:803:3)
    at Socket.emit (node:events:530:35)
    at TCP.<anonymous> (node:net:351:12)
8dc2fd7c-cf77-4492-856c-25f5ea6363b1	20250623	 16:53:47	 Error request aborted, caused by undefined BadRequestError: request aborted
    at IncomingMessage.onAborted (C:\Users\lucaa\OneDrive\Desktop\user_managment-micro-service\backend\node_modules\raw-body\index.js:245:10)
    at IncomingMessage.emit (node:events:518:28)
    at IncomingMessage._destroy (node:_http_incoming:221:10)
    at _destroy (node:internal/streams/destroy:122:10)
    at IncomingMessage.destroy (node:internal/streams/destroy:84:5)
    at abortIncoming (node:_http_server:809:9)
    at socketOnClose (node:_http_server:803:3)
    at Socket.emit (node:events:530:35)
    at TCP.<anonymous> (node:net:351:12)
a9928083-f1d4-457b-ac03-b03bff348d01	20250623	 16:54:07	 Error request aborted, caused by undefined BadRequestError: request aborted
    at IncomingMessage.onAborted (C:\Users\lucaa\OneDrive\Desktop\user_managment-micro-service\backend\node_modules\raw-body\index.js:245:10)
    at IncomingMessage.emit (node:events:518:28)
    at IncomingMessage._destroy (node:_http_incoming:221:10)
    at _destroy (node:internal/streams/destroy:122:10)
    at IncomingMessage.destroy (node:internal/streams/destroy:84:5)
    at abortIncoming (node:_http_server:809:9)
    at socketOnClose (node:_http_server:803:3)
    at Socket.emit (node:events:530:35)
    at TCP.<anonymous> (node:net:351:12)
a12efdec-08d3-44bc-8d33-53eab14918b0	20250623	 16:54:07	 Error request aborted, caused by undefined BadRequestError: request aborted
    at IncomingMessage.onAborted (C:\Users\lucaa\OneDrive\Desktop\user_managment-micro-service\backend\node_modules\raw-body\index.js:245:10)
    at IncomingMessage.emit (node:events:518:28)
    at IncomingMessage._destroy (node:_http_incoming:221:10)
    at _destroy (node:internal/streams/destroy:122:10)
    at IncomingMessage.destroy (node:internal/streams/destroy:84:5)
    at abortIncoming (node:_http_server:809:9)
    at socketOnClose (node:_http_server:803:3)
    at Socket.emit (node:events:530:35)
    at TCP.<anonymous> (node:net:351:12)
521f7a44-0199-4807-9e91-27dfc34530b1	20250623	 16:59:25	 Error request aborted, caused by undefined BadRequestError: request aborted
    at IncomingMessage.onAborted (C:\Users\lucaa\OneDrive\Desktop\user_managment-micro-service\backend\node_modules\raw-body\index.js:245:10)
    at IncomingMessage.emit (node:events:518:28)
    at IncomingMessage._destroy (node:_http_incoming:221:10)
    at _destroy (node:internal/streams/destroy:122:10)
    at IncomingMessage.destroy (node:internal/streams/destroy:84:5)
    at abortIncoming (node:_http_server:809:9)
    at socketOnClose (node:_http_server:803:3)
    at Socket.emit (node:events:530:35)
    at TCP.<anonymous> (node:net:351:12)
f1baf725-1bc1-4238-83a4-770a5075e5e3	20250623	 16:59:55	 Error request aborted, caused by undefined BadRequestError: request aborted
    at IncomingMessage.onAborted (C:\Users\lucaa\OneDrive\Desktop\user_managment-micro-service\backend\node_modules\raw-body\index.js:245:10)
    at IncomingMessage.emit (node:events:518:28)
    at IncomingMessage._destroy (node:_http_incoming:221:10)
    at _destroy (node:internal/streams/destroy:122:10)
    at IncomingMessage.destroy (node:internal/streams/destroy:84:5)
    at abortIncoming (node:_http_server:809:9)
    at socketOnClose (node:_http_server:803:3)
    at Socket.emit (node:events:530:35)
    at TCP.<anonymous> (node:net:351:12)
224ad625-b654-4037-a378-5f88551dfb8f	20250623	 17:07:15	 Error request aborted, caused by undefined BadRequestError: request aborted
    at IncomingMessage.onAborted (C:\Users\lucaa\OneDrive\Desktop\user_managment-micro-service\backend\node_modules\raw-body\index.js:245:10)
    at IncomingMessage.emit (node:events:518:28)
    at IncomingMessage._destroy (node:_http_incoming:221:10)
    at _destroy (node:internal/streams/destroy:122:10)
    at IncomingMessage.destroy (node:internal/streams/destroy:84:5)
    at abortIncoming (node:_http_server:809:9)
    at socketOnClose (node:_http_server:803:3)
    at Socket.emit (node:events:530:35)
    at TCP.<anonymous> (node:net:351:12)
f4096c6c-d94b-4e03-acc0-8828f70a44d6	20250623	 17:13:15	 Error request aborted, caused by undefined BadRequestError: request aborted
    at IncomingMessage.onAborted (C:\Users\lucaa\OneDrive\Desktop\user_managment-micro-service\backend\node_modules\raw-body\index.js:245:10)
    at IncomingMessage.emit (node:events:518:28)
    at IncomingMessage._destroy (node:_http_incoming:221:10)
    at _destroy (node:internal/streams/destroy:122:10)
    at IncomingMessage.destroy (node:internal/streams/destroy:84:5)
    at abortIncoming (node:_http_server:809:9)
    at socketOnClose (node:_http_server:803:3)
    at Socket.emit (node:events:530:35)
    at TCP.<anonymous> (node:net:351:12)
25d28000-5cf3-4b59-b841-96bc2a5c1b1e	20250623	 17:13:15	 Error request aborted, caused by undefined BadRequestError: request aborted
    at IncomingMessage.onAborted (C:\Users\lucaa\OneDrive\Desktop\user_managment-micro-service\backend\node_modules\raw-body\index.js:245:10)
    at IncomingMessage.emit (node:events:518:28)
    at IncomingMessage._destroy (node:_http_incoming:221:10)
    at _destroy (node:internal/streams/destroy:122:10)
    at IncomingMessage.destroy (node:internal/streams/destroy:84:5)
    at abortIncoming (node:_http_server:809:9)
    at socketOnClose (node:_http_server:803:3)
    at Socket.emit (node:events:530:35)
    at TCP.<anonymous> (node:net:351:12)
37fe5b17-8843-425e-990d-a3907d061606	20250623	 17:15:15	 Error request aborted, caused by undefined BadRequestError: request aborted
    at IncomingMessage.onAborted (C:\Users\lucaa\OneDrive\Desktop\user_managment-micro-service\backend\node_modules\raw-body\index.js:245:10)
    at IncomingMessage.emit (node:events:518:28)
    at IncomingMessage._destroy (node:_http_incoming:221:10)
    at _destroy (node:internal/streams/destroy:122:10)
    at IncomingMessage.destroy (node:internal/streams/destroy:84:5)
    at abortIncoming (node:_http_server:809:9)
    at socketOnClose (node:_http_server:803:3)
    at Socket.emit (node:events:530:35)
    at TCP.<anonymous> (node:net:351:12)
8ff15f17-1ef4-40fb-88b5-fd6edbed8385	20250623	 17:15:15	 Error request aborted, caused by undefined BadRequestError: request aborted
    at IncomingMessage.onAborted (C:\Users\lucaa\OneDrive\Desktop\user_managment-micro-service\backend\node_modules\raw-body\index.js:245:10)
    at IncomingMessage.emit (node:events:518:28)
    at IncomingMessage._destroy (node:_http_incoming:221:10)
    at _destroy (node:internal/streams/destroy:122:10)
    at IncomingMessage.destroy (node:internal/streams/destroy:84:5)
    at abortIncoming (node:_http_server:809:9)
    at socketOnClose (node:_http_server:803:3)
    at Socket.emit (node:events:530:35)
    at TCP.<anonymous> (node:net:351:12)
