e056e892-dbf7-4e61-8572-3d70ee964e6e	20250619	 15:47:45	 Request POST from undefined requesting : / 
bb632313-ad60-4afd-92fe-af1c86f12570	20250619	 15:48:37	 Request POST from undefined requesting : /signup/ 
45fcbfec-4eb6-4541-b0c5-e56b2e056c69	20250619	 15:53:46	 Request POST from undefined requesting : /signup/signup 
9da9c5db-4873-4002-8fb7-9b2b54d5a3c2	20250619	 15:53:59	 Request POST from undefined requesting : /signup/ 
9eb7dd12-165b-4b0e-b6be-1a563ce77c4d	20250619	 15:54:10	 Request POST from undefined requesting : / 
8e32f5d3-dc34-4c84-8180-56f8826ea338	20250619	 15:54:51	 Request POST from undefined requesting : /signup 
8265a98a-198b-4c20-afae-d47d5ff14b05	20250619	 15:55:15	 Request POST from undefined requesting : /signup 
9b33695e-bbaf-4237-9dab-8edf27aa25d4	20250619	 15:55:40	 Request POST from undefined requesting : /signup 
63847006-ee6f-44ba-a069-471fca425420	20250619	 15:55:41	 Request POST from undefined requesting : /signup 
86a9d5c7-0e7e-4a31-b02b-5741908cef14	20250621	 15:41:40	 Request POST from undefined requesting : /signup 
bb2e25de-e347-4d94-aa17-9bf966f74c3d	20250621	 16:07:19	 Request POST from undefined requesting : /signup 
acba9fc5-9054-49ac-ac17-43ba36419db6	20250621	 16:07:25	 Request POST from undefined requesting : /signup 
a2df6cf0-d58d-4717-b6ce-555c2cab56b2	20250621	 16:07:30	 Request POST from undefined requesting : /signup 
ed1f8e72-1914-457b-b767-ec0bb5fbbfb5	20250621	 16:08:47	 Request POST from undefined requesting : /signup 
50106b6a-9d4d-41ee-b94e-6c8e15fb6f07	20250621	 16:08:57	 Request POST from undefined requesting : /signup 
bf44da55-5d01-4563-9c44-01004348d14e	20250621	 16:09:49	 Request POST from undefined requesting : /signup 
8dd27f11-ef19-44e5-8f2c-b23545ed844d	20250621	 16:09:51	 Request POST from undefined requesting : /signup 
3ec6ab3e-84d6-4617-acfb-046619471b00	20250621	 16:11:33	 Request POST from undefined requesting : /signup 
3748cadb-4e49-471a-8678-48e8d6cbc87f	20250621	 16:12:42	 Request POST from undefined requesting : /signup 
4e2a457e-1cbb-466f-83f8-9197d100fb8f	20250621	 16:14:13	 Request POST from undefined requesting : /signup 
f78948f7-3351-458c-97a9-01a587053429	20250621	 16:15:14	 Request POST from undefined requesting : /signup 
e66f29a9-9fc8-49fe-928e-304f3837c7bc	20250621	 16:15:27	 Request POST from undefined requesting : /signup 
1274c795-a1b8-4d0b-b36f-2e8c4439ec2b	20250621	 16:17:37	 Request POST from undefined requesting : /signup 
0ad0e331-0608-413d-b6d1-463927ce8a25	20250621	 16:18:46	 Request POST from undefined requesting : /signup 
d7e02d37-be9f-4ecb-a6e3-60406d98e395	20250621	 16:18:47	 Request POST from undefined requesting : /signup 
f24fba7e-a830-4c57-8760-b466456ea1d1	20250621	 16:18:47	 Request POST from undefined requesting : /signup 
85b18bf1-6ef0-4303-be95-2f17e0aad286	20250621	 16:21:34	 Request POST from undefined requesting : /signup 
f9f392c3-47c1-4b57-aa22-e2ecf3c31032	20250621	 16:22:28	 Request POST from undefined requesting : /signup 
5652aa78-dfad-4f0f-bc0c-f934d5a8f928	20250621	 16:22:45	 Request POST from undefined requesting : /signup 
5fb29daf-7d52-42b6-8b42-e8448106464d	20250621	 16:23:17	 Request POST from undefined requesting : /signup 
45e6016e-0960-4414-843f-00a3e09ccd33	20250621	 16:23:25	 Request POST from undefined requesting : /signup 
f4f96cbf-4c2d-420d-96a5-75376321b7db	20250621	 16:35:42	 Request POST from undefined requesting : /signup 
9cf8e1a6-a87f-40f2-9593-dc1a0d4a384e	20250621	 16:35:46	 Request POST from undefined requesting : /signup 
d48f3954-bfe4-4440-b33c-057278c56877	20250621	 16:36:10	 Request POST from undefined requesting : /signup 
ae6c0d94-0eef-431e-9434-d203026e1f36	20250621	 16:46:06	 Request POST from undefined requesting : /signup 
acc9154c-8937-417b-bf08-7fe1dff671ac	20250621	 16:46:12	 Request POST from undefined requesting : /signup 
3031c297-71f5-4ac1-ad6c-cbf2baae7c9a	20250621	 16:48:22	 Request POST from undefined requesting : /signup 
2d406540-c6f2-4333-b416-4a95ce1ea10b	20250621	 16:49:17	 Request POST from undefined requesting : /signup 
f38f7dca-6121-4b7d-9b70-c4e80378a62a	20250621	 16:49:31	 Request POST from undefined requesting : /signup 
2bdd73e0-ed19-44fd-8b3a-47b9dbc962c1	20250621	 16:49:39	 Request POST from undefined requesting : /signup 
4eb9ee3d-a3a8-4860-a79b-ad96fa9b25d2	20250621	 16:51:03	 Request POST from undefined requesting : /signup 
b56cf067-c51b-4331-9915-6d346573b948	20250621	 16:57:00	 Request POST from undefined requesting : /signup 
943e52d7-b3f7-4d48-a228-b315f34d5fee	20250621	 17:04:46	 Request POST from undefined requesting : /signup 
29d9de61-6cb3-4434-a864-05b2347d5616	20250621	 17:04:51	 Request POST from undefined requesting : /signup 
43d12b98-124d-4d05-bad0-fe02ac118ef2	20250621	 17:06:18	 Request POST from undefined requesting : /signup 
e9eff511-ed13-4f95-8aa8-8f6165e44d06	20250621	 17:06:59	 Request POST from undefined requesting : /signup 
8e9eadab-c1b6-41ff-9926-2339ab8a720c	20250621	 17:08:31	 Request POST from undefined requesting : /signup 
f729afc5-f2e9-41d3-8691-f07559c5c566	20250621	 17:09:01	 Request POST from undefined requesting : /signup 
02e996d4-effa-4929-aabd-35ce6b88130a	20250621	 17:17:26	 Request GET from undefined requesting : /signup 
09510979-a355-435a-938c-01cdc567adc3	20250621	 17:51:04	 Request POST from undefined requesting : /signup 
e10f6a71-7611-4340-a50f-f9fdf8d2b7c9	20250621	 17:51:47	 Request GET from undefined requesting : /signup 
be74aca7-9307-43f7-aa23-34e0d419b89f	20250622	 16:43:35	 Request POST from undefined requesting : /signup 
af045b01-706e-4ed7-9417-2856e5f5b79f	20250622	 16:45:31	 Request POST from undefined requesting : /signup 
f5cb5b28-3e22-4bc1-b528-94009bcee041	20250622	 16:48:35	 Request POST from undefined requesting : /signup 
5fccae69-bf88-4633-8007-3f18657702be	20250622	 16:49:08	 Request POST from undefined requesting : /signup 
16c73ddd-c410-4e9a-8be2-440e077fe322	20250622	 17:08:39	 Request POST from undefined requesting : /signup 
1527e738-480e-4d59-8aba-6b270653e02a	20250622	 17:10:10	 Request POST from undefined requesting : / 
40758049-f3c1-4d58-b16f-742f008973d9	20250622	 17:10:41	 Request POST from undefined requesting : / 
1227ceae-e0c3-4c8f-9097-949468e5e5de	20250622	 17:11:39	 Request POST from undefined requesting : / 
541442e2-254e-499b-aad3-2373a36818f8	20250622	 17:11:59	 Request POST from undefined requesting : /signup 
fda6440e-037d-43a2-b7a6-bb2528ef8ce9	20250622	 17:13:08	 Request POST from undefined requesting : / 
99fa2525-5443-4b13-83ad-56a2f8b71598	20250622	 17:16:06	 Request POST from undefined requesting : / 
c0927f83-18bb-4ba8-9397-d11a95f2e763	20250622	 17:17:05	 Request POST from undefined requesting : / 
7433a14d-8eba-4e2c-b1d0-63c6706ce22e	20250622	 17:17:32	 Request POST from undefined requesting : / 
ccbdff26-62fe-4cb4-b2bd-aff1d62324bd	20250622	 17:18:12	 Request POST from undefined requesting : / 
79b520e8-46c6-4652-a0c4-b4eeb0213fb3	20250622	 17:18:37	 Request POST from undefined requesting : / 
c149d78e-59e2-4886-bbc3-3ce921718d30	20250622	 17:18:49	 Request POST from undefined requesting : / 
d7d63679-c0a3-4014-9c53-627175f432d9	20250622	 17:22:54	 Request POST from undefined requesting : /signup 
dbeebe3c-52bc-42d6-87fc-ee8826d02cfe	20250622	 17:22:56	 Request POST from undefined requesting : /signup 
8f57049e-d49f-494c-8b5a-70b0fb08f29c	20250622	 17:23:08	 Request POST from undefined requesting : /signup 
97308f46-fef2-4e77-99e6-308d554b098a	20250622	 17:23:11	 Request POST from undefined requesting : /signup 
6506a607-60df-42b9-8d40-283e0e80ec96	20250623	 11:01:08	 Request POST from undefined requesting : /signup 
3eb3e9d5-27df-4752-b9a9-a1cbed13c738	20250623	 11:01:16	 Request POST from undefined requesting : /signup 
f6eacfa4-f981-4b8a-80bc-c20280a9a02f	20250623	 11:01:17	 Request POST from undefined requesting : /signup 
62b692fc-f527-4d81-a766-e2b421fb9970	20250623	 11:01:21	 Request POST from undefined requesting : /signup 
010b8e3a-331a-42b5-b39c-c6ff02cd6759	20250623	 11:01:24	 Request POST from undefined requesting : /signup 
a8764104-a285-4b17-bb54-289aaff1fe0d	20250623	 11:01:28	 Request POST from undefined requesting : /signup 
9820ce61-d049-4a5b-8187-8c05d53b5617	20250623	 11:01:32	 Request POST from undefined requesting : /signup 
93dc4707-2779-4ea0-97c0-44ac13144d23	20250623	 11:01:33	 Request POST from undefined requesting : /signup 
c9388a97-765d-42b2-a73e-550e470f8767	20250623	 11:01:38	 Request POST from undefined requesting : /signup 
a3d39346-cfca-42e3-abab-c0902d05f027	20250623	 11:01:39	 Request POST from undefined requesting : /signup 
ef08052d-49b4-43d9-be35-d7c2c423e4ca	20250623	 11:07:20	 Request POST from undefined requesting : /signup 
bd3d7362-21af-4b59-b336-5d95e4963e90	20250623	 11:07:59	 Request POST from undefined requesting : /signup 
79709074-aa29-406b-9b97-e2373bc7de2f	20250623	 11:08:38	 Request POST from undefined requesting : /signup 
7d1bcc31-2c02-4afd-893e-4d7d8d85cbd7	20250623	 11:08:41	 Request POST from undefined requesting : /signup 
af322b4f-f4b8-4969-bdff-7cc0dd1b0adc	20250623	 11:11:23	 Request POST from undefined requesting : /signup 
08913f9e-e773-4277-a4b4-f05c24d0eb3b	20250623	 11:15:26	 Request POST from undefined requesting : /signup 
d5c02d83-51ca-4da1-9bd4-87244b8fff05	20250623	 11:15:32	 Request POST from undefined requesting : /signup 
3434191f-cb59-4dd6-ba54-9218b0e4b0df	20250623	 11:20:48	 Request POST from undefined requesting : /signup 
aebc4787-6880-4136-970a-3e1913e07da5	20250623	 11:20:58	 Request POST from undefined requesting : /signup 
0745edde-0078-44fb-bb35-c5990a2fdffc	20250623	 12:11:51	 Request POST from undefined requesting : /signup 
55a5111c-69b4-42d5-bfcc-edb04dcceb99	20250623	 12:11:56	 Request POST from undefined requesting : /signup 
f68538a4-5cae-45b1-9270-f1365a191a4f	20250623	 12:14:35	 Request POST from undefined requesting : /signup 
da2456a8-b1be-415d-8014-a691f24086e3	20250623	 12:14:43	 Request POST from undefined requesting : /signup 
17a52447-4e62-49cf-811c-711e1769c18a	20250623	 12:15:42	 Request POST from undefined requesting : /signup 
390f7609-07bb-4a97-88bb-45c8a040ff4c	20250623	 12:15:56	 Request POST from undefined requesting : /signup 
c489b421-ae91-4979-b3be-bee8a40673d2	20250623	 12:18:42	 Request POST from undefined requesting : /signup 
99743c4f-35a2-4663-a9e9-91bb9c763cc5	20250623	 13:35:07	 Request POST from undefined requesting : /signup 
d2643441-8d69-4836-8231-105104486bbd	20250623	 13:35:12	 Request POST from undefined requesting : /signup 
1ef3dd3f-6bb3-42d8-9efc-f46577101f7d	20250623	 13:44:13	 Request POST from undefined requesting : /signup 
7e35b26d-513e-47cc-a7a5-686732a20523	20250623	 13:44:20	 Request POST from undefined requesting : /signup 
a1acc46f-2699-4280-a189-c8d26177fbc4	20250623	 13:55:58	 Request POST from undefined requesting : /signup 
daba4c49-f913-44c0-8ff2-75035ef1dd79	20250623	 13:56:06	 Request POST from undefined requesting : /signup 
620917c1-107c-4fe5-98c4-705b93c4c4c9	20250623	 13:56:35	 Request POST from undefined requesting : /signup 
1810486f-81fd-4229-8086-66a1a6fb1ec8	20250623	 13:57:29	 Request POST from undefined requesting : /signup 
3386639a-ddf6-4232-af46-a6b8590180a5	20250623	 13:57:37	 Request POST from undefined requesting : /signup 
781defa7-8b8d-43bc-a25b-a5b0be40264b	20250623	 16:47:51	 Request POST from undefined requesting : /signup 
e0d186fa-d371-49f7-8e60-a758000e0c2f	20250623	 16:48:15	 Request POST from undefined requesting : /signup 
72431ef1-203f-40fd-95a9-e800e0c93b75	20250623	 16:48:27	 Request POST from undefined requesting : /signup 
3fa9da01-cb53-473a-ba4d-51f9d2163514	20250623	 16:49:00	 Request POST from undefined requesting : /signup 
edbb3ba6-1070-4c45-bdf9-34fe18c5142b	20250623	 16:52:20	 Request POST from undefined requesting : /signup 
cd26f3f1-9fbd-470e-818f-4919de7cd8ec	20250623	 16:52:51	 Request POST from undefined requesting : /signup 
dac2cf24-e426-4665-ac53-f239a7983d80	20250623	 16:52:52	 Request POST from undefined requesting : /signup 
e34d98c4-e88b-4263-97de-c63fd674645c	20250623	 17:21:48	 Request POST from undefined requesting : /signup 
5bede871-f0e7-444a-99e8-af4dd96020a9	20250623	 17:22:46	 Request POST from undefined requesting : /signup 
fc9e2ee5-3dd6-47c0-8044-9d0d08be7bc1	20250623	 17:22:55	 Request POST from undefined requesting : /signup 
89c9baec-f1db-4ff4-b7d0-dd5f3b5019d2	20250623	 17:22:57	 Request POST from undefined requesting : /signup 
63610cff-2edc-450e-b49a-c7b126bd94cd	20250623	 17:24:24	 Request POST from undefined requesting : /signup 
8baf9270-31be-4928-b19d-cc3a960a8921	20250623	 17:28:39	 Request POST from undefined requesting : /signup 
f71bbea0-f100-424d-93e8-a1b02ba059a9	20250623	 17:32:05	 Request POST from undefined requesting : /signup 
0e07840a-29f9-4f6d-8171-69e4630a12f6	20250623	 17:32:06	 Request POST from undefined requesting : /signup 
3c9ffce1-ead4-4829-8e15-3f4b87279f6e	20250623	 17:32:34	 Request POST from undefined requesting : /signup 
424f5beb-6077-46fa-a195-25b6685be08e	20250623	 17:33:30	 Request POST from undefined requesting : /signup 
9ed114d5-3239-47a7-a7b6-c918db398ec7	20250623	 17:35:22	 Request POST from undefined requesting : /signup 
27e98d9b-7630-444a-b66a-c3cc6ab43319	20250623	 17:37:49	 Request POST from undefined requesting : /signup 
7f2ac07d-bd6b-4fa4-a2f5-316121a00833	20250623	 17:38:25	 Request POST from undefined requesting : /signup 
67a6fc14-da3d-4136-b267-1c6870d05125	20250623	 17:39:40	 Request POST from undefined requesting : /signup 
476971f6-6a89-4238-a452-a1e7b1527981	20250623	 17:41:06	 Request POST from undefined requesting : /signup 
ea90e099-79f4-4a0c-80c7-49389366cd97	20250623	 17:42:08	 Request POST from undefined requesting : /signup 
e361212f-c330-4d4f-9d6f-72790175f483	20250625	 22:40:11	 Request POST from undefined requesting : /signup 
046c0358-dd0d-47f3-b2a9-dd01d7b69c4b	20250625	 22:43:46	 Request POST from undefined requesting : /signup 
dcd8d9bb-c54b-4e0f-9893-4661be0a5742	20250625	 22:44:22	 Request POST from undefined requesting : /signup 
01b4f791-4a26-4422-ab02-fb8d6b4f9911	20250625	 22:46:02	 Request POST from undefined requesting : /signup 
682f47cc-c462-4b1e-a366-0683b57bd276	20250625	 22:46:24	 Request POST from undefined requesting : /signup 
c1513fdd-bfd0-4bb6-877f-709736c271bb	20250625	 22:46:37	 Request POST from undefined requesting : /signup 
54a844cf-7e56-49ea-8119-35b452824c61	20250625	 22:46:48	 Request POST from undefined requesting : /signup 
98942e8e-e0d8-4eb7-92f5-1d6532c7ab0e	20250625	 22:47:08	 Request POST from undefined requesting : /signup 
7030db46-52b5-4a12-9dba-5c4dd70fbdd6	20250625	 22:49:04	 Request POST from undefined requesting : /signup 
ae19215d-7253-495a-861e-681163e40f80	20250625	 22:59:38	 Request POST from undefined requesting : /signup 
